[06-Jan-2019 19:17:10 UTC] PHP Catchable fatal error:  Object of class PDO could not be converted to string in /home/ubuntu/workspace/core/connect.php on line 13
[06-Jan-2019 19:17:10 UTC] PHP Stack trace:
[06-Jan-2019 19:17:10 UTC] PHP   1. {main}() /home/ubuntu/workspace/core/connect.php:0
[06-Jan-2019 19:18:44 UTC] PHP Warning:  PDO::__construct(): php_network_getaddresses: getaddrinfo failed: Name or service not known in /home/ubuntu/workspace/core/connect.php on line 8
[06-Jan-2019 19:18:44 UTC] PHP Stack trace:
[06-Jan-2019 19:18:44 UTC] PHP   1. {main}() /home/ubuntu/workspace/core/connect.php:0
[06-Jan-2019 19:18:44 UTC] PHP   2. connectsql() /home/ubuntu/workspace/core/connect.php:16
[06-Jan-2019 19:18:44 UTC] PHP   3. PDO->__construct() /home/ubuntu/workspace/core/connect.php:8
[06-Jan-2019 19:18:44 UTC] PHP Fatal error:  Uncaught exception 'PDOException' with message 'SQLSTATE[HY000] [2002] php_network_getaddresses: getaddrinfo failed: Name or service not known' in /home/ubuntu/workspace/core/connect.php:8
Stack trace:
#0 /home/ubuntu/workspace/core/connect.php(8): PDO->__construct('mysql:host=loca...', 'root', 'linux123')
#1 /home/ubuntu/workspace/core/connect.php(16): connectsql()
#2 {main}
  thrown in /home/ubuntu/workspace/core/connect.php on line 8
[06-Jan-2019 19:24:46 UTC] PHP Warning:  PDOStatement::execute(): SQLSTATE[HY093]: Invalid parameter number: parameter was not defined in /home/ubuntu/workspace/core/functions.php on line 21
[06-Jan-2019 19:24:46 UTC] PHP Stack trace:
[06-Jan-2019 19:24:46 UTC] PHP   1. {main}() /home/ubuntu/workspace/core/functions.php:0
[06-Jan-2019 19:24:46 UTC] PHP   2. login() /home/ubuntu/workspace/core/functions.php:69
[06-Jan-2019 19:24:46 UTC] PHP   3. PDOStatement->execute() /home/ubuntu/workspace/core/functions.php:21
[06-Jan-2019 19:25:38 UTC] PHP Warning:  PDOStatement::execute(): SQLSTATE[HY093]: Invalid parameter number: parameter was not defined in /home/ubuntu/workspace/core/functions.php on line 21
[06-Jan-2019 19:25:38 UTC] PHP Stack trace:
[06-Jan-2019 19:25:38 UTC] PHP   1. {main}() /home/ubuntu/workspace/core/functions.php:0
[06-Jan-2019 19:25:38 UTC] PHP   2. login() /home/ubuntu/workspace/core/functions.php:69
[06-Jan-2019 19:25:38 UTC] PHP   3. PDOStatement->execute() /home/ubuntu/workspace/core/functions.php:21
[06-Jan-2019 19:25:39 UTC] PHP Warning:  PDOStatement::execute(): SQLSTATE[HY093]: Invalid parameter number: parameter was not defined in /home/ubuntu/workspace/core/functions.php on line 21
[06-Jan-2019 19:25:39 UTC] PHP Stack trace:
[06-Jan-2019 19:25:39 UTC] PHP   1. {main}() /home/ubuntu/workspace/core/functions.php:0
[06-Jan-2019 19:25:39 UTC] PHP   2. login() /home/ubuntu/workspace/core/functions.php:69
[06-Jan-2019 19:25:39 UTC] PHP   3. PDOStatement->execute() /home/ubuntu/workspace/core/functions.php:21
[06-Jan-2019 19:25:39 UTC] PHP Warning:  PDOStatement::execute(): SQLSTATE[HY093]: Invalid parameter number: parameter was not defined in /home/ubuntu/workspace/core/functions.php on line 21
[06-Jan-2019 19:25:39 UTC] PHP Stack trace:
[06-Jan-2019 19:25:39 UTC] PHP   1. {main}() /home/ubuntu/workspace/core/functions.php:0
[06-Jan-2019 19:25:39 UTC] PHP   2. login() /home/ubuntu/workspace/core/functions.php:69
[06-Jan-2019 19:25:39 UTC] PHP   3. PDOStatement->execute() /home/ubuntu/workspace/core/functions.php:21
[06-Jan-2019 19:40:56 UTC] PHP Warning:  include_once(menu.php): failed to open stream: No such file or directory in /home/ubuntu/workspace/pages/dashboard.php on line 26
[06-Jan-2019 19:40:56 UTC] PHP Stack trace:
[06-Jan-2019 19:40:56 UTC] PHP   1. {main}() /home/ubuntu/workspace/pages/dashboard.php:0
[06-Jan-2019 19:40:56 UTC] PHP Warning:  include_once(): Failed opening 'menu.php' for inclusion (include_path='.:/usr/share/php:/usr/share/pear') in /home/ubuntu/workspace/pages/dashboard.php on line 26
[06-Jan-2019 19:40:56 UTC] PHP Stack trace:
[06-Jan-2019 19:40:56 UTC] PHP   1. {main}() /home/ubuntu/workspace/pages/dashboard.php:0
[06-Jan-2019 19:54:48 UTC] PHP Fatal error:  Call to undefined function getinfo() in /home/ubuntu/workspace/core/login.php on line 15
[06-Jan-2019 19:54:48 UTC] PHP Stack trace:
[06-Jan-2019 19:54:48 UTC] PHP   1. {main}() /home/ubuntu/workspace/core/login.php:0
[06-Jan-2019 20:16:03 UTC] PHP Parse error:  syntax error, unexpected '[', expecting identifier (T_STRING) or variable (T_VARIABLE) or '{' or '$' in /home/ubuntu/workspace/core/login.php on line 18
[06-Jan-2019 20:16:45 UTC] PHP Parse error:  syntax error, unexpected '[', expecting identifier (T_STRING) or variable (T_VARIABLE) or '{' or '$' in /home/ubuntu/workspace/core/login.php on line 18
[06-Jan-2019 20:17:00 UTC] PHP Parse error:  syntax error, unexpected '[', expecting identifier (T_STRING) or variable (T_VARIABLE) or '{' or '$' in /home/ubuntu/workspace/core/login.php on line 18
[06-Jan-2019 20:18:40 UTC] PHP Parse error:  syntax error, unexpected '[', expecting identifier (T_STRING) or variable (T_VARIABLE) or '{' or '$' in /home/ubuntu/workspace/core/login.php on line 19
[06-Jan-2019 20:31:15 UTC] PHP Warning:  session_destroy(): Trying to destroy uninitialized session in /home/ubuntu/workspace/core/logout.php on line 2
[06-Jan-2019 20:31:15 UTC] PHP Stack trace:
[06-Jan-2019 20:31:15 UTC] PHP   1. {main}() /home/ubuntu/workspace/core/logout.php:0
[06-Jan-2019 20:31:15 UTC] PHP   2. session_destroy() /home/ubuntu/workspace/core/logout.php:2
[06-Jan-2019 20:57:07 UTC] PHP Fatal error:  Call to undefined function userinfo() in /home/ubuntu/workspace/core/login.php on line 13
[06-Jan-2019 20:57:07 UTC] PHP Stack trace:
[06-Jan-2019 20:57:07 UTC] PHP   1. {main}() /home/ubuntu/workspace/core/login.php:0
[06-Jan-2019 20:57:27 UTC] PHP Fatal error:  Call to undefined function userinfo() in /home/ubuntu/workspace/core/login.php on line 13
[06-Jan-2019 20:57:27 UTC] PHP Stack trace:
[06-Jan-2019 20:57:27 UTC] PHP   1. {main}() /home/ubuntu/workspace/core/login.php:0
[06-Jan-2019 20:57:45 UTC] PHP Fatal error:  Call to undefined function userinfo() in /home/ubuntu/workspace/core/login.php on line 13
[06-Jan-2019 20:57:45 UTC] PHP Stack trace:
[06-Jan-2019 20:57:45 UTC] PHP   1. {main}() /home/ubuntu/workspace/core/login.php:0
[06-Jan-2019 20:57:52 UTC] PHP Fatal error:  Call to undefined function userinfo() in /home/ubuntu/workspace/core/login.php on line 13
[06-Jan-2019 20:57:52 UTC] PHP Stack trace:
[06-Jan-2019 20:57:52 UTC] PHP   1. {main}() /home/ubuntu/workspace/core/login.php:0
[06-Jan-2019 20:58:16 UTC] PHP Fatal error:  Call to undefined function userinfo() in /home/ubuntu/workspace/core/login.php on line 13
[06-Jan-2019 20:58:16 UTC] PHP Stack trace:
[06-Jan-2019 20:58:16 UTC] PHP   1. {main}() /home/ubuntu/workspace/core/login.php:0
[06-Jan-2019 21:05:17 UTC] PHP Warning:  Illegal string offset 'id' in /home/ubuntu/workspace/core/registro.php on line 14
[06-Jan-2019 21:05:17 UTC] PHP Stack trace:
[06-Jan-2019 21:05:17 UTC] PHP   1. {main}() /home/ubuntu/workspace/core/registro.php:0
[06-Jan-2019 21:10:50 UTC] PHP Parse error:  syntax error, unexpected '$query' (T_VARIABLE) in /home/ubuntu/workspace/core/functions.php on line 32
[06-Jan-2019 21:10:50 UTC] PHP Stack trace:
[06-Jan-2019 21:10:50 UTC] PHP   1. {main}() /home/ubuntu/workspace/core/registro.php:0
[06-Jan-2019 21:10:50 UTC] PHP Parse error:  syntax error, unexpected '$query' (T_VARIABLE) in /home/ubuntu/workspace/core/functions.php on line 32
[06-Jan-2019 21:10:50 UTC] PHP Stack trace:
[06-Jan-2019 21:10:50 UTC] PHP   1. {main}() /home/ubuntu/workspace/core/registro.php:0
[06-Jan-2019 21:19:33 UTC] PHP Parse error:  syntax error, unexpected '=', expecting ',' or ';' in /home/ubuntu/workspace/core/registro.php on line 18
[06-Jan-2019 21:21:11 UTC] PHP Parse error:  syntax error, unexpected '}', expecting ',' or ';' in /home/ubuntu/workspace/core/registro.php on line 12
[09-Jan-2019 18:04:40 UTC] PHP Warning:  include_once(core/functions.php): failed to open stream: No such file or directory in /home/ubuntu/workspace/core/upload.php on line 2
[09-Jan-2019 18:04:40 UTC] PHP Stack trace:
[09-Jan-2019 18:04:40 UTC] PHP   1. {main}() /home/ubuntu/workspace/core/upload.php:0
[09-Jan-2019 18:04:40 UTC] PHP Warning:  include_once(): Failed opening 'core/functions.php' for inclusion (include_path='.:/usr/share/php:/usr/share/pear') in /home/ubuntu/workspace/core/upload.php on line 2
[09-Jan-2019 18:04:40 UTC] PHP Stack trace:
[09-Jan-2019 18:04:40 UTC] PHP   1. {main}() /home/ubuntu/workspace/core/upload.php:0
[10-Jan-2019 17:20:31 UTC] PHP Warning:  include_once(core/functions.php): failed to open stream: No such file or directory in /home/ubuntu/workspace/core/upload.php on line 2
[10-Jan-2019 17:20:31 UTC] PHP Stack trace:
[10-Jan-2019 17:20:31 UTC] PHP   1. {main}() /home/ubuntu/workspace/core/upload.php:0
[10-Jan-2019 17:20:31 UTC] PHP Warning:  include_once(): Failed opening 'core/functions.php' for inclusion (include_path='.:/usr/share/php:/usr/share/pear') in /home/ubuntu/workspace/core/upload.php on line 2
[10-Jan-2019 17:20:31 UTC] PHP Stack trace:
[10-Jan-2019 17:20:31 UTC] PHP   1. {main}() /home/ubuntu/workspace/core/upload.php:0
[10-Jan-2019 17:24:31 UTC] PHP Warning:  include_once(core/functions.php): failed to open stream: No such file or directory in /home/ubuntu/workspace/core/upload.php on line 2
[10-Jan-2019 17:24:31 UTC] PHP Stack trace:
[10-Jan-2019 17:24:31 UTC] PHP   1. {main}() /home/ubuntu/workspace/core/upload.php:0
[10-Jan-2019 17:24:31 UTC] PHP Warning:  include_once(): Failed opening 'core/functions.php' for inclusion (include_path='.:/usr/share/php:/usr/share/pear') in /home/ubuntu/workspace/core/upload.php on line 2
[10-Jan-2019 17:24:31 UTC] PHP Stack trace:
[10-Jan-2019 17:24:31 UTC] PHP   1. {main}() /home/ubuntu/workspace/core/upload.php:0
[10-Jan-2019 17:25:13 UTC] PHP Warning:  include_once(core/functions.php): failed to open stream: No such file or directory in /home/ubuntu/workspace/core/upload.php on line 2
[10-Jan-2019 17:25:13 UTC] PHP Stack trace:
[10-Jan-2019 17:25:13 UTC] PHP   1. {main}() /home/ubuntu/workspace/core/upload.php:0
[10-Jan-2019 17:25:13 UTC] PHP Warning:  include_once(): Failed opening 'core/functions.php' for inclusion (include_path='.:/usr/share/php:/usr/share/pear') in /home/ubuntu/workspace/core/upload.php on line 2
[10-Jan-2019 17:25:13 UTC] PHP Stack trace:
[10-Jan-2019 17:25:13 UTC] PHP   1. {main}() /home/ubuntu/workspace/core/upload.php:0
[10-Jan-2019 17:25:17 UTC] PHP Warning:  include_once(core/functions.php): failed to open stream: No such file or directory in /home/ubuntu/workspace/core/upload.php on line 2
[10-Jan-2019 17:25:17 UTC] PHP Stack trace:
[10-Jan-2019 17:25:17 UTC] PHP   1. {main}() /home/ubuntu/workspace/core/upload.php:0
[10-Jan-2019 17:25:17 UTC] PHP Warning:  include_once(): Failed opening 'core/functions.php' for inclusion (include_path='.:/usr/share/php:/usr/share/pear') in /home/ubuntu/workspace/core/upload.php on line 2
[10-Jan-2019 17:25:17 UTC] PHP Stack trace:
[10-Jan-2019 17:25:17 UTC] PHP   1. {main}() /home/ubuntu/workspace/core/upload.php:0
[10-Jan-2019 17:25:38 UTC] PHP Warning:  include_once(core/functions.php): failed to open stream: No such file or directory in /home/ubuntu/workspace/core/upload.php on line 2
[10-Jan-2019 17:25:38 UTC] PHP Stack trace:
[10-Jan-2019 17:25:38 UTC] PHP   1. {main}() /home/ubuntu/workspace/core/upload.php:0
[10-Jan-2019 17:25:38 UTC] PHP Warning:  include_once(): Failed opening 'core/functions.php' for inclusion (include_path='.:/usr/share/php:/usr/share/pear') in /home/ubuntu/workspace/core/upload.php on line 2
[10-Jan-2019 17:25:38 UTC] PHP Stack trace:
[10-Jan-2019 17:25:38 UTC] PHP   1. {main}() /home/ubuntu/workspace/core/upload.php:0
[10-Jan-2019 17:46:56 UTC] PHP Warning:  include_once(core/functions.php): failed to open stream: No such file or directory in /home/ubuntu/workspace/core/upload.php on line 2
[10-Jan-2019 17:46:56 UTC] PHP Stack trace:
[10-Jan-2019 17:46:56 UTC] PHP   1. {main}() /home/ubuntu/workspace/core/upload.php:0
[10-Jan-2019 17:46:56 UTC] PHP Warning:  include_once(): Failed opening 'core/functions.php' for inclusion (include_path='.:/usr/share/php:/usr/share/pear') in /home/ubuntu/workspace/core/upload.php on line 2
[10-Jan-2019 17:46:56 UTC] PHP Stack trace:
[10-Jan-2019 17:46:56 UTC] PHP   1. {main}() /home/ubuntu/workspace/core/upload.php:0
[10-Jan-2019 17:46:56 UTC] PHP Warning:  move_uploaded_file(img/3af1e8d35d.jpg): failed to open stream: No such file or directory in /home/ubuntu/workspace/core/upload.php on line 30
[10-Jan-2019 17:46:56 UTC] PHP Stack trace:
[10-Jan-2019 17:46:56 UTC] PHP   1. {main}() /home/ubuntu/workspace/core/upload.php:0
[10-Jan-2019 17:46:56 UTC] PHP   2. move_uploaded_file() /home/ubuntu/workspace/core/upload.php:30
[10-Jan-2019 17:46:56 UTC] PHP Warning:  move_uploaded_file(): Unable to move '/tmp/phpOZm0As' to 'img/3af1e8d35d.jpg' in /home/ubuntu/workspace/core/upload.php on line 30
[10-Jan-2019 17:46:56 UTC] PHP Stack trace:
[10-Jan-2019 17:46:56 UTC] PHP   1. {main}() /home/ubuntu/workspace/core/upload.php:0
[10-Jan-2019 17:46:56 UTC] PHP   2. move_uploaded_file() /home/ubuntu/workspace/core/upload.php:30
[10-Jan-2019 17:46:56 UTC] PHP Fatal error:  Call to undefined function addanuncio() in /home/ubuntu/workspace/core/upload.php on line 38
[10-Jan-2019 17:46:56 UTC] PHP Stack trace:
[10-Jan-2019 17:46:56 UTC] PHP   1. {main}() /home/ubuntu/workspace/core/upload.php:0
[10-Jan-2019 17:48:10 UTC] PHP Warning:  move_uploaded_file(img/984696f862.jpg): failed to open stream: No such file or directory in /home/ubuntu/workspace/core/upload.php on line 30
[10-Jan-2019 17:48:10 UTC] PHP Stack trace:
[10-Jan-2019 17:48:10 UTC] PHP   1. {main}() /home/ubuntu/workspace/core/upload.php:0
[10-Jan-2019 17:48:10 UTC] PHP   2. move_uploaded_file() /home/ubuntu/workspace/core/upload.php:30
[10-Jan-2019 17:48:10 UTC] PHP Warning:  move_uploaded_file(): Unable to move '/tmp/php4RRMit' to 'img/984696f862.jpg' in /home/ubuntu/workspace/core/upload.php on line 30
[10-Jan-2019 17:48:10 UTC] PHP Stack trace:
[10-Jan-2019 17:48:10 UTC] PHP   1. {main}() /home/ubuntu/workspace/core/upload.php:0
[10-Jan-2019 17:48:10 UTC] PHP   2. move_uploaded_file() /home/ubuntu/workspace/core/upload.php:30
[10-Jan-2019 18:09:33 UTC] PHP Fatal error:  Cannot use [] for reading in /home/ubuntu/workspace/core/upload.php on line 11
[10-Jan-2019 18:20:18 UTC] PHP Warning:  move_uploaded_file(img/8bcd0d10be.jpg): failed to open stream: No such file or directory in /home/ubuntu/workspace/core/upload.php on line 30
[10-Jan-2019 18:20:18 UTC] PHP Stack trace:
[10-Jan-2019 18:20:18 UTC] PHP   1. {main}() /home/ubuntu/workspace/core/upload.php:0
[10-Jan-2019 18:20:18 UTC] PHP   2. move_uploaded_file() /home/ubuntu/workspace/core/upload.php:30
[10-Jan-2019 18:20:18 UTC] PHP Warning:  move_uploaded_file(): Unable to move '/tmp/phpX0Zm3t' to 'img/8bcd0d10be.jpg' in /home/ubuntu/workspace/core/upload.php on line 30
[10-Jan-2019 18:20:18 UTC] PHP Stack trace:
[10-Jan-2019 18:20:18 UTC] PHP   1. {main}() /home/ubuntu/workspace/core/upload.php:0
[10-Jan-2019 18:20:18 UTC] PHP   2. move_uploaded_file() /home/ubuntu/workspace/core/upload.php:30
[10-Jan-2019 19:10:59 UTC] PHP Fatal error:  Undefined class constant 'FETCH_ARRAY' in /home/ubuntu/workspace/core/functions.php on line 79
[10-Jan-2019 19:10:59 UTC] PHP Stack trace:
[10-Jan-2019 19:10:59 UTC] PHP   1. {main}() /home/ubuntu/workspace/core/functions.php:0
[10-Jan-2019 19:10:59 UTC] PHP   2. meusanuncios() /home/ubuntu/workspace/core/functions.php:84
[10-Jan-2019 19:22:48 UTC] PHP Parse error:  syntax error, unexpected ''</span>' (T_CONSTANT_ENCAPSED_STRING), expecting ',' or ';' in /home/ubuntu/workspace/core/functions.php on line 97
[10-Jan-2019 19:29:31 UTC] PHP Warning:  require_once(core/functions.php): failed to open stream: No such file or directory in /home/ubuntu/workspace/pages/dashboard.php on line 2
[10-Jan-2019 19:29:31 UTC] PHP Stack trace:
[10-Jan-2019 19:29:31 UTC] PHP   1. {main}() /home/ubuntu/workspace/pages/dashboard.php:0
[10-Jan-2019 19:29:31 UTC] PHP Fatal error:  require_once(): Failed opening required 'core/functions.php' (include_path='.:/usr/share/php:/usr/share/pear') in /home/ubuntu/workspace/pages/dashboard.php on line 2
[10-Jan-2019 19:29:31 UTC] PHP Stack trace:
[10-Jan-2019 19:29:31 UTC] PHP   1. {main}() /home/ubuntu/workspace/pages/dashboard.php:0
[10-Jan-2019 19:52:20 UTC] PHP Warning:  require_once(core/functions.php): failed to open stream: No such file or directory in /home/ubuntu/workspace/pages/dashboard.php on line 2
[10-Jan-2019 19:52:20 UTC] PHP Stack trace:
[10-Jan-2019 19:52:20 UTC] PHP   1. {main}() /home/ubuntu/workspace/pages/dashboard.php:0
[10-Jan-2019 19:52:20 UTC] PHP Fatal error:  require_once(): Failed opening required 'core/functions.php' (include_path='.:/usr/share/php:/usr/share/pear') in /home/ubuntu/workspace/pages/dashboard.php on line 2
[10-Jan-2019 19:52:20 UTC] PHP Stack trace:
[10-Jan-2019 19:52:20 UTC] PHP   1. {main}() /home/ubuntu/workspace/pages/dashboard.php:0
[21-Jan-2019 11:12:25 UTC] PHP Fatal error:  Call to undefined function login() in /home/ubuntu/workspace/core/login.php on line 11
[21-Jan-2019 11:12:25 UTC] PHP Stack trace:
[21-Jan-2019 11:12:25 UTC] PHP   1. {main}() /home/ubuntu/workspace/core/login.php:0
[21-Jan-2019 11:55:36 UTC] PHP Fatal error:  Call to undefined function login() in /home/ubuntu/workspace/core/login.php on line 11
[21-Jan-2019 11:55:36 UTC] PHP Stack trace:
[21-Jan-2019 11:55:36 UTC] PHP   1. {main}() /home/ubuntu/workspace/core/login.php:0
[21-Jan-2019 11:56:08 UTC] PHP Fatal error:  Call to undefined function login() in /home/ubuntu/workspace/core/login.php on line 11
[21-Jan-2019 11:56:08 UTC] PHP Stack trace:
[21-Jan-2019 11:56:08 UTC] PHP   1. {main}() /home/ubuntu/workspace/core/login.php:0
[21-Jan-2019 11:56:25 UTC] PHP Fatal error:  Call to undefined function login() in /home/ubuntu/workspace/core/login.php on line 11
[21-Jan-2019 11:56:25 UTC] PHP Stack trace:
[21-Jan-2019 11:56:25 UTC] PHP   1. {main}() /home/ubuntu/workspace/core/login.php:0
[21-Jan-2019 12:05:15 UTC] PHP Fatal error:  Call to undefined function login() in /home/ubuntu/workspace/core/login.php on line 11
[21-Jan-2019 12:05:15 UTC] PHP Stack trace:
[21-Jan-2019 12:05:15 UTC] PHP   1. {main}() /home/ubuntu/workspace/core/login.php:0
[21-Jan-2019 12:05:25 UTC] PHP Fatal error:  Call to undefined function login() in /home/ubuntu/workspace/core/login.php on line 11
[21-Jan-2019 12:05:25 UTC] PHP Stack trace:
[21-Jan-2019 12:05:25 UTC] PHP   1. {main}() /home/ubuntu/workspace/core/login.php:0
[21-Jan-2019 12:06:13 UTC] PHP Fatal error:  Call to undefined function login() in /home/ubuntu/workspace/core/login.php on line 11
[21-Jan-2019 12:06:13 UTC] PHP Stack trace:
[21-Jan-2019 12:06:13 UTC] PHP   1. {main}() /home/ubuntu/workspace/core/login.php:0
[21-Jan-2019 12:06:24 UTC] PHP Fatal error:  Call to undefined function login() in /home/ubuntu/workspace/core/login.php on line 11
[21-Jan-2019 12:06:24 UTC] PHP Stack trace:
[21-Jan-2019 12:06:24 UTC] PHP   1. {main}() /home/ubuntu/workspace/core/login.php:0
[21-Jan-2019 12:06:33 UTC] PHP Fatal error:  Call to undefined function login() in /home/ubuntu/workspace/core/login.php on line 11
[21-Jan-2019 12:06:33 UTC] PHP Stack trace:
[21-Jan-2019 12:06:33 UTC] PHP   1. {main}() /home/ubuntu/workspace/core/login.php:0
[21-Jan-2019 12:08:17 UTC] PHP Fatal error:  Call to undefined function login() in /home/ubuntu/workspace/core/login.php on line 11
[21-Jan-2019 12:08:17 UTC] PHP Stack trace:
[21-Jan-2019 12:08:17 UTC] PHP   1. {main}() /home/ubuntu/workspace/core/login.php:0
[21-Jan-2019 12:08:32 UTC] PHP Fatal error:  Call to undefined function login() in /home/ubuntu/workspace/core/login.php on line 11
[21-Jan-2019 12:08:32 UTC] PHP Stack trace:
[21-Jan-2019 12:08:32 UTC] PHP   1. {main}() /home/ubuntu/workspace/core/login.php:0
[21-Jan-2019 14:26:40 UTC] PHP Fatal error:  Call to undefined function login() in /home/ubuntu/workspace/core/login.php on line 11
[21-Jan-2019 14:26:40 UTC] PHP Stack trace:
[21-Jan-2019 14:26:40 UTC] PHP   1. {main}() /home/ubuntu/workspace/core/login.php:0
[21-Jan-2019 14:27:52 UTC] PHP Fatal error:  Call to undefined function login() in /home/ubuntu/workspace/core/login.php on line 11
[21-Jan-2019 14:27:52 UTC] PHP Stack trace:
[21-Jan-2019 14:27:52 UTC] PHP   1. {main}() /home/ubuntu/workspace/core/login.php:0
[21-Jan-2019 14:30:44 UTC] PHP Fatal error:  Call to undefined function login() in /home/ubuntu/workspace/core/login.php on line 11
[21-Jan-2019 14:30:44 UTC] PHP Stack trace:
[21-Jan-2019 14:30:44 UTC] PHP   1. {main}() /home/ubuntu/workspace/core/login.php:0
[21-Jan-2019 14:31:05 UTC] PHP Fatal error:  Call to undefined function login() in /home/ubuntu/workspace/core/login.php on line 11
[21-Jan-2019 14:31:05 UTC] PHP Stack trace:
[21-Jan-2019 14:31:05 UTC] PHP   1. {main}() /home/ubuntu/workspace/core/login.php:0
[21-Jan-2019 14:31:14 UTC] PHP Fatal error:  Call to undefined function login() in /home/ubuntu/workspace/core/login.php on line 11
[21-Jan-2019 14:31:14 UTC] PHP Stack trace:
[21-Jan-2019 14:31:14 UTC] PHP   1. {main}() /home/ubuntu/workspace/core/login.php:0
[21-Jan-2019 14:39:56 UTC] PHP Fatal error:  Call to undefined function login() in /home/ubuntu/workspace/core/login.php on line 11
[21-Jan-2019 14:39:56 UTC] PHP Stack trace:
[21-Jan-2019 14:39:56 UTC] PHP   1. {main}() /home/ubuntu/workspace/core/login.php:0
[21-Jan-2019 14:41:00 UTC] PHP Fatal error:  Call to undefined function login() in /home/ubuntu/workspace/core/login.php on line 11
[21-Jan-2019 14:41:00 UTC] PHP Stack trace:
[21-Jan-2019 14:41:00 UTC] PHP   1. {main}() /home/ubuntu/workspace/core/login.php:0
[21-Jan-2019 14:41:09 UTC] PHP Fatal error:  Call to undefined function login() in /home/ubuntu/workspace/core/login.php on line 11
[21-Jan-2019 14:41:09 UTC] PHP Stack trace:
[21-Jan-2019 14:41:09 UTC] PHP   1. {main}() /home/ubuntu/workspace/core/login.php:0
[21-Jan-2019 14:45:23 UTC] PHP Fatal error:  Call to undefined function login() in /home/ubuntu/workspace/core/login.php on line 11
[21-Jan-2019 14:45:23 UTC] PHP Stack trace:
[21-Jan-2019 14:45:23 UTC] PHP   1. {main}() /home/ubuntu/workspace/core/login.php:0
[21-Jan-2019 14:46:56 UTC] PHP Fatal error:  Call to undefined function login() in /home/ubuntu/workspace/core/login.php on line 11
[21-Jan-2019 14:46:56 UTC] PHP Stack trace:
[21-Jan-2019 14:46:56 UTC] PHP   1. {main}() /home/ubuntu/workspace/core/login.php:0
[21-Jan-2019 14:47:04 UTC] PHP Fatal error:  Call to undefined function login() in /home/ubuntu/workspace/core/login.php on line 11
[21-Jan-2019 14:47:04 UTC] PHP Stack trace:
[21-Jan-2019 14:47:04 UTC] PHP   1. {main}() /home/ubuntu/workspace/core/login.php:0
[21-Jan-2019 14:47:23 UTC] PHP Fatal error:  Call to undefined function login() in /home/ubuntu/workspace/core/login.php on line 11
[21-Jan-2019 14:47:23 UTC] PHP Stack trace:
[21-Jan-2019 14:47:23 UTC] PHP   1. {main}() /home/ubuntu/workspace/core/login.php:0
[21-Jan-2019 14:47:42 UTC] PHP Fatal error:  Call to undefined function login() in /home/ubuntu/workspace/core/login.php on line 13
[21-Jan-2019 14:47:42 UTC] PHP Stack trace:
[21-Jan-2019 14:47:42 UTC] PHP   1. {main}() /home/ubuntu/workspace/core/login.php:0
